<?xml version="1.0" encoding="UTF-8"?>
<!-- Generated by org.testng.reporters.JUnitReportReporter -->
<testsuite hostname="LapWinX-DAC144" failures="0" tests="3" name="org.practice.Selenium_Practice" time="11.916" errors="0" timestamp="2022-12-27T11:25:53 IST" skipped="0">
  <testcase classname="org.practice.Selenium_Practice" name="tc_001" time="9.322"/>
  <system-out/>
  <testcase classname="org.practice.Selenium_Practice" name="tc_002" time="2.591"/>
  <system-out/>
  <testcase classname="org.practice.Selenium_Practice" name="tc_003" time="0.003"/>
  <system-out/>
</testsuite> <!-- org.practice.Selenium_Practice -->
